0 verbose cli C:\Program Files\nodejs\node.exe C:\Program Files\nodejs\node_modules\npm\bin\npm-cli.js
1 info using npm@10.5.0
2 info using node@v20.12.0
3 timing npm:load:whichnode Completed in 2ms
4 timing config:load:defaults Completed in 3ms
5 timing config:load:file:C:\Program Files\nodejs\node_modules\npm\npmrc Completed in 4ms
6 timing config:load:builtin Completed in 4ms
7 timing config:load:cli Completed in 2ms
8 timing config:load:env Completed in 1ms
9 timing config:load:project Completed in 2ms
10 timing config:load:file:C:\Users\jarbl\OneDrive\Desktop\typescript-transpilers\glsl-to-java\.npmrc Completed in 0ms
11 timing config:load:user Completed in 0ms
12 timing config:load:file:C:\Users\jarbl\OneDrive\Desktop\typescript-transpilers\glsl-to-java\.npm-global\etc\npmrc Completed in 1ms
13 timing config:load:global Completed in 1ms
14 timing config:load:setEnvs Completed in 1ms
15 timing config:load Completed in 14ms
16 timing npm:load:configload Completed in 14ms
17 timing config:load:flatten Completed in 4ms
18 timing npm:load:mkdirpcache Completed in 1ms
19 timing npm:load:mkdirplogs Completed in 1ms
20 verbose title npm exec peggy --format commonjs --output .\glsl_to_zig.js .\glsl_to_zig.peggy
21 verbose argv "exec" "--" "peggy" "--format" "commonjs" "--output" ".\\glsl_to_zig.js" ".\\glsl_to_zig.peggy"
22 timing npm:load:setTitle Completed in 1ms
23 timing npm:load:display Completed in 1ms
24 verbose logfile logs-max:10 dir:C:\Users\jarbl\OneDrive\Desktop\typescript-transpilers\glsl-to-java\.npm-cache\_logs\2026-06-11T00_43_48_760Z-
25 verbose logfile C:\Users\jarbl\OneDrive\Desktop\typescript-transpilers\glsl-to-java\.npm-cache\_logs\2026-06-11T00_43_48_760Z-debug-0.log
26 timing npm:load:logFile Completed in 12ms
27 timing npm:load:timers Completed in 0ms
28 timing npm:load:configScope Completed in 0ms
29 timing npm:load Completed in 63ms
30 silly logfile done cleaning log files
31 timing arborist:ctor Completed in 1ms
32 http fetch GET 200 https://registry.npmjs.org/peggy 309ms (cache revalidated)
33 timing arborist:ctor Completed in 0ms
34 timing command:exec Completed in 338ms
35 verbose stack Error: ENOENT: no such file or directory, lstat 'C:\Users\jarbl\OneDrive\Desktop\typescript-transpilers\glsl-to-java\.npm-global'
36 verbose cwd C:\Users\jarbl\OneDrive\Desktop\typescript-transpilers\glsl-to-java
37 verbose Windows_NT 10.0.26200
38 verbose node v20.12.0
39 verbose npm  v10.5.0
40 error code ENOENT
41 error syscall lstat
42 error path C:\Users\jarbl\OneDrive\Desktop\typescript-transpilers\glsl-to-java\.npm-global
43 error errno -4058
44 error enoent ENOENT: no such file or directory, lstat 'C:\Users\jarbl\OneDrive\Desktop\typescript-transpilers\glsl-to-java\.npm-global'
45 error enoent This is related to npm not being able to find a file.
45 error enoent
46 verbose exit -4058
47 timing npm Completed in 833ms
48 verbose code -4058
49 error A complete log of this run can be found in: C:\Users\jarbl\OneDrive\Desktop\typescript-transpilers\glsl-to-java\.npm-cache\_logs\2026-06-11T00_43_48_760Z-debug-0.log
