0 verbose cli C:\Program Files\nodejs\node.exe C:\Program Files\nodejs\node_modules\npm\bin\npm-cli.js
1 info using npm@10.5.0
2 info using node@v20.12.0
3 timing npm:load:whichnode Completed in 4ms
4 timing config:load:defaults Completed in 2ms
5 timing config:load:file:C:\Program Files\nodejs\node_modules\npm\npmrc Completed in 5ms
6 timing config:load:builtin Completed in 6ms
7 timing config:load:cli Completed in 2ms
8 timing config:load:env Completed in 1ms
9 timing config:load:file:C:\Users\jarbl\OneDrive\Desktop\typescript-transpilers\glsl-to-java\.npmrc Completed in 0ms
10 timing config:load:project Completed in 4ms
11 timing config:load:file:C:\Users\jarbl\.npmrc Completed in 0ms
12 timing config:load:user Completed in 0ms
13 timing config:load:file:C:\Users\jarbl\AppData\Roaming\npm\etc\npmrc Completed in 0ms
14 timing config:load:global Completed in 0ms
15 timing config:load:setEnvs Completed in 1ms
16 timing config:load Completed in 17ms
17 timing npm:load:configload Completed in 17ms
18 timing config:load:flatten Completed in 3ms
19 timing npm:load:mkdirpcache Completed in 1ms
20 timing npm:load:mkdirplogs Completed in 1ms
21 verbose title npm exec peggy --format commonjs --output .\glsl_to_zig.js .\glsl_to_zig.peggy
22 verbose argv "exec" "--" "peggy" "--format" "commonjs" "--output" ".\\glsl_to_zig.js" ".\\glsl_to_zig.peggy"
23 timing npm:load:setTitle Completed in 2ms
24 timing npm:load:display Completed in 1ms
25 verbose logfile logs-max:10 dir:C:\Users\jarbl\OneDrive\Desktop\typescript-transpilers\glsl-to-java\.npm-cache\_logs\2026-06-11T00_43_28_788Z-
26 verbose logfile C:\Users\jarbl\OneDrive\Desktop\typescript-transpilers\glsl-to-java\.npm-cache\_logs\2026-06-11T00_43_28_788Z-debug-0.log
27 timing npm:load:logFile Completed in 13ms
28 timing npm:load:timers Completed in 0ms
29 timing npm:load:configScope Completed in 0ms
30 timing npm:load Completed in 75ms
31 silly logfile done cleaning log files
32 timing arborist:ctor Completed in 0ms
33 http fetch GET 200 https://registry.npmjs.org/peggy 222ms (cache miss)
34 timing arborist:ctor Completed in 1ms
35 timing command:exec Completed in 312ms
36 verbose stack Error: EPERM: operation not permitted, lstat 'C:\Users\jarbl'
37 verbose cwd C:\Users\jarbl\OneDrive\Desktop\typescript-transpilers\glsl-to-java
38 verbose Windows_NT 10.0.26200
39 verbose node v20.12.0
40 verbose npm  v10.5.0
41 error code EPERM
42 error syscall lstat
43 error path C:\Users\jarbl
44 error errno -4048
45 error [Error: EPERM: operation not permitted, lstat 'C:\Users\jarbl'] {
45 error   errno: -4048,
45 error   code: 'EPERM',
45 error   syscall: 'lstat',
45 error   path: 'C:\\Users\\jarbl'
45 error }
46 error
46 error The operation was rejected by your operating system.
46 error It's possible that the file was already in use (by a text editor or antivirus),
46 error or that you lack permissions to access it.
46 error
46 error If you believe this might be a permissions issue, please double-check the
46 error permissions of the file and its containing directories, or try running
46 error the command again as root/Administrator.
47 verbose exit -4048
48 timing npm Completed in 785ms
49 verbose code -4048
50 error A complete log of this run can be found in: C:\Users\jarbl\OneDrive\Desktop\typescript-transpilers\glsl-to-java\.npm-cache\_logs\2026-06-11T00_43_28_788Z-debug-0.log
