0 verbose cli C:\Program Files\nodejs\node.exe C:\Program Files\nodejs\node_modules\npm\bin\npm-cli.js
1 info using npm@10.5.0
2 info using node@v20.12.0
3 timing npm:load:whichnode Completed in 18ms
4 timing config:load:defaults Completed in 6ms
5 timing config:load:file:C:\Program Files\nodejs\node_modules\npm\npmrc Completed in 18ms
6 timing config:load:builtin Completed in 19ms
7 timing config:load:cli Completed in 8ms
8 timing config:load:env Completed in 1ms
9 timing config:load:project Completed in 72ms
10 timing config:load:file:C:\Users\jarbl\OneDrive\Desktop\typescript-transpilers\glsl-to-java\.npmrc Completed in 17ms
11 timing config:load:user Completed in 17ms
12 timing config:load:file:C:\Users\jarbl\OneDrive\Desktop\typescript-transpilers\glsl-to-java\.npm-global\etc\npmrc Completed in 10ms
13 timing config:load:global Completed in 10ms
14 timing config:load:setEnvs Completed in 2ms
15 timing config:load Completed in 136ms
16 timing npm:load:configload Completed in 136ms
17 timing config:load:flatten Completed in 5ms
18 timing npm:load:mkdirpcache Completed in 1ms
19 timing npm:load:mkdirplogs Completed in 1ms
20 verbose title npm prefix
21 verbose argv "prefix" "--global"
22 timing npm:load:setTitle Completed in 17ms
23 timing npm:load:display Completed in 1ms
24 verbose logfile logs-max:10 dir:C:\Users\jarbl\OneDrive\Desktop\typescript-transpilers\glsl-to-java\.npm-cache\_logs\2026-06-11T00_44_20_708Z-
25 verbose logfile C:\Users\jarbl\OneDrive\Desktop\typescript-transpilers\glsl-to-java\.npm-cache\_logs\2026-06-11T00_44_20_708Z-debug-0.log
26 timing npm:load:logFile Completed in 35ms
27 timing npm:load:timers Completed in 0ms
28 timing npm:load:configScope Completed in 0ms
29 timing npm:load Completed in 315ms
30 timing command:prefix Completed in 2ms
31 verbose exit 0
32 timing npm Completed in 448ms
33 info ok
