0 verbose cli C:\Program Files\nodejs\node.exe C:\Program Files\nodejs\node_modules\npm\bin\npm-cli.js
1 info using npm@10.5.0
2 info using node@v20.12.0
3 timing npm:load:whichnode Completed in 40ms
4 timing config:load:defaults Completed in 5ms
5 timing config:load:file:C:\Program Files\nodejs\node_modules\npm\npmrc Completed in 8ms
6 timing config:load:builtin Completed in 9ms
7 timing config:load:cli Completed in 4ms
8 timing config:load:env Completed in 1ms
9 timing config:load:project Completed in 5ms
10 timing config:load:file:C:\Users\jarbl\OneDrive\Desktop\typescript-transpilers\glsl-to-java\.npmrc Completed in 1ms
11 timing config:load:user Completed in 1ms
12 timing config:load:file:C:\Users\jarbl\OneDrive\Desktop\typescript-transpilers\glsl-to-java\.npm-global\etc\npmrc Completed in 0ms
13 timing config:load:global Completed in 0ms
14 timing config:load:setEnvs Completed in 4ms
15 timing config:load Completed in 30ms
16 timing npm:load:configload Completed in 30ms
17 timing config:load:flatten Completed in 24ms
18 timing npm:load:mkdirpcache Completed in 42ms
19 timing npm:load:mkdirplogs Completed in 41ms
20 verbose title npm exec peggy --format commonjs --output .\glsl_to_zig.js .\glsl_to_zig.peggy
21 verbose argv "exec" "--" "peggy" "--format" "commonjs" "--output" ".\\glsl_to_zig.js" ".\\glsl_to_zig.peggy"
22 timing npm:load:setTitle Completed in 12ms
23 timing npm:load:display Completed in 1ms
24 verbose logfile logs-max:10 dir:C:\Users\jarbl\OneDrive\Desktop\typescript-transpilers\glsl-to-java\.npm-cache\_logs\2026-06-11T00_44_22_765Z-
25 verbose logfile C:\Users\jarbl\OneDrive\Desktop\typescript-transpilers\glsl-to-java\.npm-cache\_logs\2026-06-11T00_44_22_765Z-debug-0.log
26 timing npm:load:logFile Completed in 51ms
27 timing npm:load:timers Completed in 0ms
28 timing npm:load:configScope Completed in 1ms
29 timing npm:load Completed in 399ms
30 silly logfile done cleaning log files
31 timing arborist:ctor Completed in 2ms
32 http fetch GET 200 https://registry.npmjs.org/peggy 583ms (cache revalidated)
33 timing arborist:ctor Completed in 1ms
34 timing arborist:ctor Completed in 0ms
35 warn exec The following package was not found and will be installed: peggy@5.1.0
36 timing arborist:ctor Completed in 0ms
37 timing idealTree:init Completed in 15ms
38 timing idealTree:userRequests Completed in 5ms
39 silly idealTree buildDeps
40 silly fetch manifest peggy@5.1.0
41 http fetch GET 200 https://registry.npmjs.org/peggy 739ms (cache miss)
42 silly placeDep ROOT peggy@5.1.0 OK for:  want: 5.1.0
43 silly fetch manifest @peggyjs/from-mem@3.1.3
44 silly fetch manifest commander@^14.0.3
45 silly fetch manifest source-map-generator@2.0.6
46 http fetch GET 200 https://registry.npmjs.org/commander 230ms (cache miss)
47 http fetch GET 200 https://registry.npmjs.org/source-map-generator 305ms (cache miss)
48 http fetch GET 200 https://registry.npmjs.org/@peggyjs%2ffrom-mem 521ms (cache miss)
49 timing idealTree:#root Completed in 1492ms
50 silly placeDep ROOT @peggyjs/from-mem@3.1.3 OK for: peggy@5.1.0 want: 3.1.3
51 silly placeDep ROOT commander@14.0.3 OK for: peggy@5.1.0 want: ^14.0.3
52 silly placeDep ROOT source-map-generator@2.0.6 OK for: peggy@5.1.0 want: 2.0.6
53 silly fetch manifest semver@7.7.4
54 http fetch GET 200 https://registry.npmjs.org/semver 123ms (cache miss)
55 timing idealTree:node_modules/peggy Completed in 139ms
56 silly placeDep ROOT semver@7.7.4 OK for: @peggyjs/from-mem@3.1.3 want: 7.7.4
57 timing idealTree:node_modules/@peggyjs/from-mem Completed in 2ms
58 timing idealTree:node_modules/commander Completed in 0ms
59 timing idealTree:node_modules/semver Completed in 0ms
60 timing idealTree:node_modules/source-map-generator Completed in 0ms
61 timing idealTree:buildDeps Completed in 1635ms
62 timing idealTree:fixDepFlags Completed in 1ms
63 timing idealTree Completed in 1658ms
64 timing reify:loadTrees Completed in 1658ms
65 timing reify:diffTrees Completed in 2ms
66 silly reify moves {}
67 timing reify:retireShallow Completed in 1ms
68 timing reify:createSparse Completed in 11ms
69 timing reify:loadBundles Completed in 0ms
70 silly audit bulk request {
70 silly audit   peggy: [ '5.1.0' ],
70 silly audit   '@peggyjs/from-mem': [ '3.1.3' ],
70 silly audit   commander: [ '14.0.3' ],
70 silly audit   'source-map-generator': [ '2.0.6' ],
70 silly audit   semver: [ '7.7.4' ]
70 silly audit }
71 silly tarball no local data for semver@https://registry.npmjs.org/semver/-/semver-7.7.4.tgz. Extracting by manifest.
72 silly tarball no local data for @peggyjs/from-mem@https://registry.npmjs.org/@peggyjs/from-mem/-/from-mem-3.1.3.tgz. Extracting by manifest.
73 silly tarball no local data for source-map-generator@https://registry.npmjs.org/source-map-generator/-/source-map-generator-2.0.6.tgz. Extracting by manifest.
74 silly tarball no local data for commander@https://registry.npmjs.org/commander/-/commander-14.0.3.tgz. Extracting by manifest.
75 silly tarball no local data for peggy@https://registry.npmjs.org/peggy/-/peggy-5.1.0.tgz. Extracting by manifest.
76 http fetch POST 200 https://registry.npmjs.org/-/npm/v1/security/advisories/bulk 183ms
77 timing auditReport:getReport Completed in 189ms
78 silly audit report {}
79 timing auditReport:init Completed in 0ms
80 timing reify:audit Completed in 190ms
81 http fetch GET 200 https://registry.npmjs.org/source-map-generator/-/source-map-generator-2.0.6.tgz 1876ms (cache miss)
82 timing reifyNode:node_modules/source-map-generator Completed in 1901ms
83 http fetch GET 200 https://registry.npmjs.org/@peggyjs/from-mem/-/from-mem-3.1.3.tgz 2094ms (cache miss)
84 timing reifyNode:node_modules/@peggyjs/from-mem Completed in 2225ms
85 http fetch GET 200 https://registry.npmjs.org/commander/-/commander-14.0.3.tgz 3393ms (cache miss)
86 timing reifyNode:node_modules/commander Completed in 3419ms
87 http fetch GET 200 https://registry.npmjs.org/semver/-/semver-7.7.4.tgz 3447ms (cache miss)
88 timing reifyNode:node_modules/semver Completed in 3468ms
89 http fetch GET 200 https://registry.npmjs.org/peggy/-/peggy-5.1.0.tgz 4560ms (cache miss)
90 timing reifyNode:node_modules/peggy Completed in 4587ms
91 timing reify:unpack Completed in 4588ms
92 timing reify:unretire Completed in 0ms
93 timing build:queue Completed in 9ms
94 timing build:link:node_modules/peggy Completed in 192ms
95 timing build:link:node_modules/semver Completed in 188ms
96 timing build:link Completed in 198ms
97 timing build:deps Completed in 207ms
98 timing build Completed in 207ms
99 timing reify:build Completed in 208ms
100 timing reify:trash Completed in 0ms
101 timing reify:save Completed in 86ms
102 timing reify Completed in 6584ms
103 timing command:exec Completed in 8555ms
104 verbose exit 1
105 timing npm Completed in 10055ms
106 verbose code 1
